<?xml version="1.0" encoding="UTF-8"?>
<!-- Generated by org.testng.reporters.JUnitReportReporter -->
<testsuite hostname="Ankit" failures="0" tests="6" name="api.testcases.DataDrivenUserTest" time="17.813" errors="0" timestamp="2023-11-14T20:42:16 IST" skipped="0">
  <testcase classname="api.testcases.DataDrivenUserTest" name="testCreateUser" time="5.171"/>
  <system-out/>
  <testcase classname="api.testcases.DataDrivenUserTest" name="testCreateUser" time="1.932"/>
  <system-out/>
  <testcase classname="api.testcases.DataDrivenUserTest" name="testCreateUser" time="1.934"/>
  <system-out/>
  <testcase classname="api.testcases.DataDrivenUserTest" name="testGetUser" time="2.040"/>
  <system-out/>
  <testcase classname="api.testcases.DataDrivenUserTest" name="testUpdateUser" time="4.187"/>
  <system-out/>
  <testcase classname="api.testcases.DataDrivenUserTest" name="testdeleteUser" time="2.549"/>
  <system-out/>
</testsuite> <!-- api.testcases.DataDrivenUserTest -->
