<?xml version="1.0" encoding="UTF-8"?>
<!-- Generated by org.testng.reporters.JUnitReportReporter -->
<testsuite hostname="Ankit" failures="0" tests="4" name="api.testcases.UserTest" time="10.028" errors="0" timestamp="2023-11-13T23:21:13 IST" skipped="0">
  <testcase classname="api.testcases.UserTest" name="testCreateUser" time="2.058"/>
  <system-out/>
  <testcase classname="api.testcases.UserTest" name="testGetUser" time="2.040"/>
  <system-out/>
  <testcase classname="api.testcases.UserTest" name="testUpdateUser" time="3.967"/>
  <system-out/>
  <testcase classname="api.testcases.UserTest" name="testdeleteUser" time="1.963"/>
  <system-out/>
</testsuite> <!-- api.testcases.UserTest -->
